This is e-TeX, Version 3.14159-2.1 (MiKTeX 2) (preloaded format=farsitex 2018.9.17)  30 DEC 2020 01:21
entering extended mode
**&farsitex DANESHJO
(DANESHJO.tex
LaTeX Version 2.09 <25 March 1992>
(taymazbook.sty
Standard Document Style `book' <14 Jan 92>.
(C:\Program Files (x86)\MiKTeX\tex\latex209\base\bk12.sty)
\descriptionmargin=\dimen100
\c@part=\count79
\c@chapter=\count80
\c@section=\count81
\c@subsection=\count82
\c@subsubsection=\count83
\c@paragraph=\count84
\c@subparagraph=\count85
\c@figure=\count86
\c@table=\count87
)
(C:\Program Files (x86)\MiKTeX\tex\farsitex\base\fmultico.sty
Style option: `multicol' v1.4m <92/09/04> (FMi)
English documentation          <92/09/04> (FMi)
\mult@box=\box25
\multicol@leftmargin=\dimen101
\c@unbalance=\count88
\c@collectmore=\count89
\c@tracingmulticols=\count90
\col@number=\count91
\doublecol@number=\count92
\multicoltolerance=\count93
\multicolpretolerance=\count94
\full@width=\dimen102
\page@free=\dimen103
\premulticols=\dimen104
\postmulticols=\dimen105
\multicolsep=\skip41
\multicolbaselineskip=\skip42
\partial@page=\box26
\last@line=\box27
) (C:\Program Files (x86)\MiKTeX\tex\farsitex\base\farsi.sty
Farsi style, R. Pournader and H. Abolhassani, The FarsiTeX Project Group.
Version 0.51beta, 29 December 2000
(C:\Program Files (x86)\MiKTeX\tex\farsitex\base\ftoday.sty
\FT@i=\count95
\FT@y=\count96
\FT@m=\count97
\FT@d=\count98
\FT@latini=\count99
\FT@farsii=\count100
\FT@latinii=\count101
\FT@farsiii=\count102
\FT@latiniii=\count103
\FT@farsiiii=\count104
\FT@latiniv=\count105
\FT@farsiiv=\count106
\FT@latinv=\count107
\FT@farsiv=\count108
\FT@latinvi=\count109
\FT@farsivi=\count110
\FT@latinvii=\count111
\FT@farsivii=\count112
\FT@latinviii=\count113
\FT@farsiviii=\count114
\FT@latinix=\count115
\FT@farsiix=\count116
\FT@latinx=\count117
\FT@farsix=\count118
\FT@latinxi=\count119
\FT@farsixi=\count120
\FT@latinxii=\count121
\FT@farsixii=\count122
\FT@farsixiii=\count123
\FT@temp=\count124
\FT@temptwo=\count125
\FT@tempthree=\count126
\FT@yModHundred=\count127
\FT@thirtytwo=\count128
\FT@dn=\count129
\FT@sn=\count130
\FT@mminusone=\count131
)) (slashbox.sty
slashbox style by K.Yasuoka, May 1993.
\@slashboxa=\box28
\@slashboxb=\box29
\@slashboxc=\box30
\@slashboxwd=\count132
\@slashboxht=\count133
\@slashsepl=\dimen106
\@slashsepr=\dimen107
) (C:\Program Files (x86)\MiKTeX\tex\plain\amsfonts\amssym.tex
(C:\Program Files (x86)\MiKTeX\tex\plain\amsfonts\amssym.def
\msafam=\fam12
\msbfam=\fam13
\eufmfam=\fam14
))
(C:\Program Files (x86)\MiKTeX\tex\generic\dvips\epsf.tex
This is `epsf.tex' v2.7k <10 July 1997>
\epsffilein=\read1
\epsfframemargin=\dimen108
\epsfframethickness=\dimen109
\epsfrsize=\dimen110
\epsftmp=\dimen111
\epsftsize=\dimen112
\epsfxsize=\dimen113
\epsfysize=\dimen114
\pspoints=\dimen115
\epsfnoopenhelp=\toks11
)
\c@pretheorem=\count134
\c@prelemma=\count135
\c@prealgorithm=\count136
\c@preexample=\count137
\c@preprob=\count138
\c@preprobb=\count139
\c@preconj=\count140
\c@mnum=\count141
\c@snum=\count142
\c@mcounter=\count143
\c@t.=\count144
\c@er.=\count145
\c@ex.=\count146
\c@sh=\count147
 (DANESHJO.aux) [0

]
Underfull \hbox (badness 10000) in paragraph at lines 512--527
[][]

\hbox(0.0+0.0)x469.47046
.\beginR
.\endR
.\glue(\rightskip) 0.0

[1] [2] [3]
Overfull \hbox (13.9136pt too wide) in paragraph at lines 632--639
[][][]  [] []

\hbox(51.82108+45.82108)x469.47046, glue set - 1.0
.\hbox(0.0+0.0)x14.22636
.\kern -14.22636
.\beginR
.\hbox(0.0+0.0)x14.22636
.\glue 3.56158 plus 1.1872 minus 0.59358
.etc.


Underfull \vbox (badness 7796) has occurred while \output is active
\vbox(697.09251+0.0)x469.47046, glue set 4.27293
.\glue(\topskip) 0.0
.\hbox(256.0748+0.0)x469.47046, glue set 85.35828fill
..\hbox(0.0+0.0)x14.22636
..\kern -14.22636
..\beginR
..\hbox(0.0+0.0)x14.22636
..\glue 0.0 plus 1.0fill
..etc.
.\penalty -300
.\glue 23.53249 plus 7.24077 minus 1.44812
.\glue(\parskip) 0.0 plus 1.0
.etc.

 [4]
Overfull \hbox (20.76918pt too wide) in paragraph at lines 675--683
[][][]  [] []

\hbox(62.69608+56.69606)x469.47046, glue set - 1.0
.\hbox(0.0+0.0)x14.22636
.\kern -14.22636
.\beginR
.\hbox(0.0+0.0)x14.22636
.\glue 3.56158 plus 1.1872 minus 0.59358
.etc.


Overfull \hbox (23.89325pt too wide) in paragraph at lines 694--702
[][][]  [] []

\hbox(62.7172+56.71718)x469.47046, glue set - 1.0
.\hbox(0.0+0.0)x14.22636
.\kern -14.22636
.\beginR
.\hbox(0.0+0.0)x14.22636
.\glue 3.56158 plus 1.1872 minus 0.59358
.etc.


Underfull \vbox (badness 7777) has occurred while \output is active
\vbox(697.09251+0.0)x469.47046, glue set 4.27127
.\glue(\topskip) 0.0
.\hbox(73.7682+67.7682)x469.47046, glue set 0.08156fil
..\hbox(0.0+0.0)x14.22636
..\kern -14.22636
..\beginR
..\hbox(0.0+0.0)x14.22636
..\glue 3.56158 plus 1.1872 minus 0.59358
..etc.
.\penalty -300
.\glue 23.53249 plus 7.24077 minus 1.44812
.\glue(\parskip) 0.0 plus 1.0
.etc.

 [5]
Overfull \hbox (5.023pt too wide) in paragraph at lines 716--725
[][][]  [] []

\hbox(73.57106+67.57106)x469.47046, glue set - 1.0
.\hbox(0.0+0.0)x14.22636
.\kern -14.22636
.\beginR
.\hbox(0.0+0.0)x14.22636
.\glue 3.56158 plus 1.1872 minus 0.59358
.etc.


Overfull \hbox (18.48828pt too wide) in paragraph at lines 738--746
[][][]  [] []

\hbox(62.78409+56.78407)x469.47046, glue set - 1.0
.\hbox(0.0+0.0)x14.22636
.\kern -14.22636
.\beginR
.\hbox(0.0+0.0)x14.22636
.\glue 3.56158 plus 1.1872 minus 0.59358
.etc.


Overfull \hbox (12.16791pt too wide) in paragraph at lines 758--766
[][][]  [] []

\hbox(62.69608+56.69606)x469.47046, glue set - 1.0
.\hbox(0.0+0.0)x14.22636
.\kern -14.22636
.\beginR
.\hbox(0.0+0.0)x14.22636
.\glue 3.56158 plus 1.1872 minus 0.59358
.etc.

[6]
Overfull \hbox (2.96799pt too wide) in paragraph at lines 787--790
[][][]  $[][]$ []

\hbox(369.88582+0.0)x469.47046, glue set - 1.0
.\hbox(0.0+0.0)x14.22636
.\kern -14.22636
.\beginR
.\hbox(0.0+0.0)x14.22636
.\glue 3.56158 plus 1.1872 minus 0.59358
.etc.


Underfull \hbox (badness 10000) in paragraph at lines 804--808
[][]

\hbox(0.0+0.0)x469.47046
.\beginR
.\endR
.\glue(\rightskip) 0.0


Underfull \vbox (badness 10000) has occurred while \output is active
\vbox(697.09251+0.0)x469.47046, glue set 12.76865
.\glue(\topskip) 0.0
.\hbox(13.49612+8.81746)x469.47046, glue set 370.27313fil
..\beginR
..\hbox(0.0+0.0)x0.0
...\glue 0.0
..\psiahxviipt ê
..\penalty 10000
..\leaders 0.0 plus 8.4673
...\rule(2.1676+0.0)x1.0
..etc.
.\penalty 10000
.\glue 16.65378 plus 1.44812
.\glue(\parskip) 0.0 plus 1.0
.etc.

 [7]
Overfull \hbox (2.96799pt too wide) in paragraph at lines 811--815
[][][]  $[][]$ []

\hbox(398.33858+0.0)x469.47046, glue set - 1.0
.\hbox(0.0+0.0)x14.22636
.\kern -14.22636
.\beginR
.\hbox(0.0+0.0)x14.22636
.\glue 3.56158 plus 1.1872 minus 0.59358
.etc.


Underfull \vbox (badness 10000) has occurred while \output is active
\vbox(697.09251+0.0)x469.47046, glue set 7.03531
.\glue(\topskip) 0.75322
.\hbox(11.24678+8.51881)x469.47046, glue set 165.24501fil
..\beginR
..\hbox(0.0+0.0)x0.0
...\glue 0.0
..\psiahxivpt 2
..\psiahxivpt -
..\discretionary
..etc.
.\penalty 10000
.\glue 10.86115 plus 1.44812
.\glue(\parskip) 0.0 plus 1.0
.etc.

 [8]
Overfull \hbox (2.96799pt too wide) in paragraph at lines 833--836
[][][]  $[][]$ []

\hbox(369.88582+0.0)x469.47046, glue set - 1.0
.\hbox(0.0+0.0)x14.22636
.\kern -14.22636
.\beginR
.\hbox(0.0+0.0)x14.22636
.\glue 3.56158 plus 1.1872 minus 0.59358
.etc.

[9]
Underfull \hbox (badness 10000) in paragraph at lines 882--885
[][]

\hbox(0.0+0.0)x469.47046
.\beginR
.\endR
.\glue(\rightskip) 0.0

[10] [11] [12]
Overfull \hbox (28.45274pt too wide) in paragraph at lines 906--909
[][][] $[][]$ []

\hbox(369.88582+0.0)x469.47046
.\hbox(0.0+0.0)x14.22636
.\kern -14.22636
.\beginR
.\hbox(0.0+0.0)x14.22636
.\glue 0.0 plus 1.0fil
.etc.

[13] (DANESHJO.aux) )
Output written on DANESHJO.dvi (14 pages, 28936 bytes).
